<?xml version="1.0" encoding="UTF-8"?>
<!-- Generated by org.testng.reporters.JUnitReportReporter -->
<testsuite skipped="0" hostname="LAPTOP-C3E1HSB0" name="com.tests.RegressionTests" tests="1" failures="0" timestamp="03 Jul 2022 12:22:29 GMT" time="8.596" errors="0">
  <testcase name="ThirdScreenCase" time="8.596" classname="com.tests.RegressionTests"/>
</testsuite> <!-- com.tests.RegressionTests -->
