<?xml version="1.0" encoding="UTF-8"?>
<!-- Generated by org.testng.reporters.JUnitReportReporter -->
<testsuite skipped="0" hostname="LAPTOP-C3E1HSB0" name="cbt.DD" tests="1" failures="0" timestamp="31 Jul 2022 14:25:49 GMT" time="10.511" errors="0">
  <testcase name="dropdownDemo" time="10.511" classname="cbt.DD"/>
</testsuite> <!-- cbt.DD -->
