<?xml version="1.0" encoding="UTF-8"?>
<!-- Generated by org.testng.reporters.JUnitReportReporter -->
<testsuite skipped="0" hostname="LAPTOP-C3E1HSB0" name="cbt.CoreJava" tests="1" failures="0" timestamp="31 Jul 2022 15:13:14 GMT" time="4.512" errors="0">
  <testcase name="m1" time="4.512" classname="cbt.CoreJava"/>
</testsuite> <!-- cbt.CoreJava -->
