<?xml version="1.0" encoding="UTF-8"?>
<!-- Generated by org.testng.reporters.JUnitReportReporter -->
<testsuite skipped="0" hostname="LAPTOP-C3E1HSB0" name="cbt.AlertHandling" tests="1" failures="0" timestamp="31 Jul 2022 11:34:28 GMT" time="5.755" errors="0">
  <testcase name="alertDemo" time="5.755" classname="cbt.AlertHandling"/>
</testsuite> <!-- cbt.AlertHandling -->
