<?xml version="1.0" encoding="UTF-8"?>
<!-- Generated by org.testng.reporters.JUnitReportReporter -->
<testsuite skipped="0" hostname="LAPTOP-C3E1HSB0" name="cbt.CBTdemo" tests="3" failures="0" timestamp="31 Jul 2022 10:56:09 GMT" time="23.537" errors="0">
  <testcase name="launchURL" time="9.110" classname="cbt.CBTdemo"/>
  <testcase name="launchURL" time="9.306" classname="cbt.CBTdemo"/>
  <testcase name="launchURL" time="5.121" classname="cbt.CBTdemo"/>
</testsuite> <!-- cbt.CBTdemo -->
