<?xml version="1.0" encoding="UTF-8"?>
<!-- Generated by org.testng.reporters.JUnitReportReporter -->
<testsuite skipped="0" hostname="LAPTOP-C3E1HSB0" name="cbt.AShotDemo" tests="1" failures="0" timestamp="31 Jul 2022 11:08:39 GMT" time="35.552" errors="0">
  <testcase name="m1" time="35.552" classname="cbt.AShotDemo"/>
</testsuite> <!-- cbt.AShotDemo -->
