<?xml version="1.0" encoding="UTF-8"?>
<!-- Generated by org.testng.reporters.JUnitReportReporter -->
<testsuite skipped="0" hostname="LAPTOP-C3E1HSB0" name="cbt.JavaScritDemo" tests="1" failures="0" timestamp="31 Jul 2022 11:22:21 GMT" time="5.029" errors="0">
  <testcase name="m1" time="5.029" classname="cbt.JavaScritDemo"/>
</testsuite> <!-- cbt.JavaScritDemo -->
