<?xml version="1.0" encoding="UTF-8"?>
<!-- Generated by org.testng.reporters.JUnitReportReporter -->
<testsuite skipped="0" hostname="LAPTOP-C3E1HSB0" name="cbt.WndowHandling" tests="1" failures="0" timestamp="31 Jul 2022 14:13:35 GMT" time="15.075" errors="0">
  <testcase name="launchURL" time="15.075" classname="cbt.WndowHandling"/>
</testsuite> <!-- cbt.WndowHandling -->
