<?xml version="1.0" encoding="UTF-8"?>
<!-- Generated by org.testng.reporters.JUnitReportReporter -->
<testsuite skipped="0" hostname="LAPTOP-C3E1HSB0" name="cbt.SelectDemo" tests="1" failures="0" timestamp="31 Jul 2022 14:46:06 GMT" time="8.421" errors="0">
  <testcase name="dropDown" time="8.421" classname="cbt.SelectDemo"/>
</testsuite> <!-- cbt.SelectDemo -->
