<?xml version="1.0" encoding="UTF-8"?>
<!-- Generated by org.testng.reporters.JUnitReportReporter -->
<testsuite skipped="0" hostname="LAPTOP-C3E1HSB0" name="com.tests.RegressionTests" tests="3" failures="0" timestamp="28 Jun 2022 06:29:52 GMT" time="17.355" errors="0">
  <testcase name="FirstScreenCase" time="6.621" classname="com.tests.RegressionTests"/>
  <testcase name="ThirdScreenCase" time="5.851" classname="com.tests.RegressionTests"/>
  <testcase name="SecondScreenCase" time="4.883" classname="com.tests.RegressionTests"/>
</testsuite> <!-- com.tests.RegressionTests -->
